<?xml version="1.0" encoding="UTF-8"?>
<testng-results skipped="0" failed="0" ignored="0" total="1" passed="1">
  <reporter-output>
  </reporter-output>
  <suite name="Default suite" duration-ms="6748" started-at="2021-06-28T16:31:13Z" finished-at="2021-06-28T16:31:20Z">
    <groups>
    </groups>
    <test name="Default test" duration-ms="6748" started-at="2021-06-28T16:31:13Z" finished-at="2021-06-28T16:31:20Z">
      <class name="sampleGitTest.SampleGitTest">
        <test-method status="PASS" signature="loginTest()[pri:0, instance:sampleGitTest.SampleGitTest@32d2fa64]" name="loginTest" duration-ms="6701" started-at="2021-06-28T16:31:13Z" finished-at="2021-06-28T16:31:20Z">
          <reporter-output>
          </reporter-output>
        </test-method> <!-- loginTest -->
      </class> <!-- sampleGitTest.SampleGitTest -->
    </test> <!-- Default test -->
  </suite> <!-- Default suite -->
</testng-results>
